0 info it worked if it ends with ok
1 verbose cli [ 'C:\\Program Files\\nodejs\\node.exe',
1 verbose cli   'C:\\Users\\PEDRO\\AppData\\Roaming\\npm\\node_modules\\npm\\bin\\npm-cli.js',
1 verbose cli   'install',
1 verbose cli   'jquery',
1 verbose cli   '2.2.4',
1 verbose cli   '-save' ]
2 info using npm@3.9.3
3 info using node@v4.2.6
4 silly loadCurrentTree Starting
5 silly install loadCurrentTree
6 silly install readLocalPackageData
7 silly fetchPackageMetaData jquery
8 silly fetchPackageMetaData 2.2.4
9 silly fetchNamedPackageData jquery
10 silly mapToRegistry name jquery
11 silly mapToRegistry using default registry
12 silly mapToRegistry registry https://registry.npmjs.org/
13 silly mapToRegistry data Result {
13 silly mapToRegistry   raw: 'jquery',
13 silly mapToRegistry   scope: null,
13 silly mapToRegistry   name: 'jquery',
13 silly mapToRegistry   rawSpec: '',
13 silly mapToRegistry   spec: 'latest',
13 silly mapToRegistry   type: 'tag' }
14 silly mapToRegistry uri https://registry.npmjs.org/jquery
15 silly fetchNamedPackageData 2.2.4
16 silly mapToRegistry name 2.2.4
17 silly mapToRegistry using default registry
18 silly mapToRegistry registry https://registry.npmjs.org/
19 silly mapToRegistry data Result {
19 silly mapToRegistry   raw: '2.2.4',
19 silly mapToRegistry   scope: null,
19 silly mapToRegistry   name: '2.2.4',
19 silly mapToRegistry   rawSpec: '',
19 silly mapToRegistry   spec: 'latest',
19 silly mapToRegistry   type: 'tag' }
20 silly mapToRegistry uri https://registry.npmjs.org/2.2.4
21 verbose request uri https://registry.npmjs.org/2.2.4
22 verbose request no auth needed
23 info attempt registry request try #1 at 01:29:24
24 verbose request id 8a252a24db36bfe6
25 http request GET https://registry.npmjs.org/2.2.4
26 verbose request uri https://registry.npmjs.org/jquery
27 verbose request no auth needed
28 info attempt registry request try #1 at 01:29:24
29 verbose etag W/"588a9801-148b8"
30 verbose lastModified Fri, 27 Jan 2017 00:44:49 GMT
31 http request GET https://registry.npmjs.org/jquery
32 http 200 https://registry.npmjs.org/jquery
33 verbose headers { server: 'nginx/1.10.1',
33 verbose headers   'content-type': 'application/json',
33 verbose headers   'last-modified': 'Sun, 05 Feb 2017 21:45:08 GMT',
33 verbose headers   etag: 'W/"58979ce4-148c3"',
33 verbose headers   'content-encoding': 'gzip',
33 verbose headers   'cache-control': 'max-age=300',
33 verbose headers   'content-length': '9974',
33 verbose headers   'accept-ranges': 'bytes',
33 verbose headers   date: 'Mon, 06 Feb 2017 09:28:02 GMT',
33 verbose headers   via: '1.1 varnish',
33 verbose headers   age: '180',
33 verbose headers   connection: 'keep-alive',
33 verbose headers   'x-served-by': 'cache-lax8620-LAX',
33 verbose headers   'x-cache': 'HIT',
33 verbose headers   'x-cache-hits': '1',
33 verbose headers   'x-timer': 'S1486373282.258380,VS0,VE0',
33 verbose headers   vary: 'Accept-Encoding' }
34 silly get cb [ 200,
34 silly get   { server: 'nginx/1.10.1',
34 silly get     'content-type': 'application/json',
34 silly get     'last-modified': 'Sun, 05 Feb 2017 21:45:08 GMT',
34 silly get     etag: 'W/"58979ce4-148c3"',
34 silly get     'content-encoding': 'gzip',
34 silly get     'cache-control': 'max-age=300',
34 silly get     'content-length': '9974',
34 silly get     'accept-ranges': 'bytes',
34 silly get     date: 'Mon, 06 Feb 2017 09:28:02 GMT',
34 silly get     via: '1.1 varnish',
34 silly get     age: '180',
34 silly get     connection: 'keep-alive',
34 silly get     'x-served-by': 'cache-lax8620-LAX',
34 silly get     'x-cache': 'HIT',
34 silly get     'x-cache-hits': '1',
34 silly get     'x-timer': 'S1486373282.258380,VS0,VE0',
34 silly get     vary: 'Accept-Encoding' } ]
35 verbose get saving jquery to C:\Users\PEDRO\AppData\Roaming\npm-cache\registry.npmjs.org\jquery\.cache.json
36 verbose correctMkdir C:\Users\PEDRO\AppData\Roaming\npm-cache correctMkdir not in flight; initializing
37 http 404 https://registry.npmjs.org/2.2.4
38 verbose headers { 'content-type': 'application/json',
38 verbose headers   'cache-control': 'max-age=0',
38 verbose headers   'content-length': '2',
38 verbose headers   'accept-ranges': 'bytes',
38 verbose headers   date: 'Mon, 06 Feb 2017 09:28:02 GMT',
38 verbose headers   via: '1.1 varnish',
38 verbose headers   age: '0',
38 verbose headers   connection: 'keep-alive',
38 verbose headers   'x-served-by': 'cache-lax8629-LAX',
38 verbose headers   'x-cache': 'MISS',
38 verbose headers   'x-cache-hits': '0',
38 verbose headers   'x-timer': 'S1486373282.256055,VS0,VE326',
38 verbose headers   vary: 'Accept-Encoding' }
39 silly get cb [ 404,
39 silly get   { 'content-type': 'application/json',
39 silly get     'cache-control': 'max-age=0',
39 silly get     'content-length': '2',
39 silly get     'accept-ranges': 'bytes',
39 silly get     date: 'Mon, 06 Feb 2017 09:28:02 GMT',
39 silly get     via: '1.1 varnish',
39 silly get     age: '0',
39 silly get     connection: 'keep-alive',
39 silly get     'x-served-by': 'cache-lax8629-LAX',
39 silly get     'x-cache': 'MISS',
39 silly get     'x-cache-hits': '0',
39 silly get     'x-timer': 'S1486373282.256055,VS0,VE326',
39 silly get     vary: 'Accept-Encoding' } ]
40 silly fetchPackageMetaData Error: Registry returned 404 for GET on https://registry.npmjs.org/2.2.4
40 silly fetchPackageMetaData     at makeError (C:\Users\PEDRO\AppData\Roaming\npm\node_modules\npm\node_modules\npm-registry-client\lib\request.js:264:12)
40 silly fetchPackageMetaData     at CachingRegistryClient.<anonymous> (C:\Users\PEDRO\AppData\Roaming\npm\node_modules\npm\node_modules\npm-registry-client\lib\request.js:242:14)
40 silly fetchPackageMetaData     at Request._callback (C:\Users\PEDRO\AppData\Roaming\npm\node_modules\npm\node_modules\npm-registry-client\lib\request.js:172:14)
40 silly fetchPackageMetaData     at Request.self.callback (C:\Users\PEDRO\AppData\Roaming\npm\node_modules\npm\node_modules\request\request.js:200:22)
40 silly fetchPackageMetaData     at emitTwo (events.js:87:13)
40 silly fetchPackageMetaData     at Request.emit (events.js:172:7)
40 silly fetchPackageMetaData     at Request.<anonymous> (C:\Users\PEDRO\AppData\Roaming\npm\node_modules\npm\node_modules\request\request.js:1067:10)
40 silly fetchPackageMetaData     at emitOne (events.js:82:20)
40 silly fetchPackageMetaData     at Request.emit (events.js:169:7)
40 silly fetchPackageMetaData     at IncomingMessage.<anonymous> (C:\Users\PEDRO\AppData\Roaming\npm\node_modules\npm\node_modules\request\request.js:988:12)
40 silly fetchPackageMetaData  error for 2.2.4 { [Error: Registry returned 404 for GET on https://registry.npmjs.org/2.2.4] pkgid: '2.2.4', statusCode: 404, code: 'E404' }
41 silly rollbackFailedOptional Starting
42 silly rollbackFailedOptional Finishing
43 silly runTopLevelLifecycles Starting
44 silly runTopLevelLifecycles Finishing
45 silly install printInstalled
46 verbose stack Error: Registry returned 404 for GET on https://registry.npmjs.org/2.2.4
46 verbose stack     at makeError (C:\Users\PEDRO\AppData\Roaming\npm\node_modules\npm\node_modules\npm-registry-client\lib\request.js:264:12)
46 verbose stack     at CachingRegistryClient.<anonymous> (C:\Users\PEDRO\AppData\Roaming\npm\node_modules\npm\node_modules\npm-registry-client\lib\request.js:242:14)
46 verbose stack     at Request._callback (C:\Users\PEDRO\AppData\Roaming\npm\node_modules\npm\node_modules\npm-registry-client\lib\request.js:172:14)
46 verbose stack     at Request.self.callback (C:\Users\PEDRO\AppData\Roaming\npm\node_modules\npm\node_modules\request\request.js:200:22)
46 verbose stack     at emitTwo (events.js:87:13)
46 verbose stack     at Request.emit (events.js:172:7)
46 verbose stack     at Request.<anonymous> (C:\Users\PEDRO\AppData\Roaming\npm\node_modules\npm\node_modules\request\request.js:1067:10)
46 verbose stack     at emitOne (events.js:82:20)
46 verbose stack     at Request.emit (events.js:169:7)
46 verbose stack     at IncomingMessage.<anonymous> (C:\Users\PEDRO\AppData\Roaming\npm\node_modules\npm\node_modules\request\request.js:988:12)
47 verbose statusCode 404
48 verbose pkgid 2.2.4
49 verbose cwd C:\Users\PEDRO\Documents\profesional\mr-magic.io
50 error Windows_NT 6.1.7601
51 error argv "C:\\Program Files\\nodejs\\node.exe" "C:\\Users\\PEDRO\\AppData\\Roaming\\npm\\node_modules\\npm\\bin\\npm-cli.js" "install" "jquery" "2.2.4" "-save"
52 error node v4.2.6
53 error npm  v3.9.3
54 error code E404
55 error 404 Registry returned 404 for GET on https://registry.npmjs.org/2.2.4
56 error 404
57 error 404 '2.2.4' is not in the npm registry.
58 error 404 You should bug the author to publish it (or use the name yourself!)
59 error 404 Note that you can also install from a
60 error 404 tarball, folder, http url, or git url.
61 verbose exit [ 1, true ]
